<?xml version="1.0" encoding="UTF-8"?>
<!-- Generated by org.testng.reporters.JUnitReportReporter -->
<testsuite skipped="0" hostname="DESKTOP-VUPME58" name="testcases.LoginTest" tests="1" failures="0" timestamp="2021-03-20T02:40:26 ART" time="0.186" errors="0">
  <testcase name="loginAsBankManager" time="0.186" classname="testcases.LoginTest"/>
  <system-out/>
</testsuite> <!-- testcases.LoginTest -->
